This is pdfTeX, Version 3.14159265-2.6-1.40.19 (TeX Live 2018/W32TeX) (preloaded format=pdflatex 2018.12.19)  21 MAY 2019 11:08
entering extended mode
 restricted \write18 enabled.
 file:line:error style messages enabled.
 %&-line parsing enabled.
**"c:/ws/schema-annotation-workspace/schema_annotation/shcema-annotation-latex-workspace/Challenge presentation/schema-linking-challenge-presentation.tex"
(c:/ws/schema-annotation-workspace/schema_annotation/shcema-annotation-latex-workspace/Challenge presentation/schema-linking-challenge-presentation.tex
LaTeX2e <2018-12-01>
(c:/texlive/2018/texmf-dist/tex/latex/beamer/beamer.cls
Document Class: beamer 2018/12/02 v3.55 A class for typesetting presentations
(c:/texlive/2018/texmf-dist/tex/latex/beamer/beamerbasemodes.sty (c:/texlive/2018/texmf-dist/tex/latex/etoolbox/etoolbox.sty
Package: etoolbox 2018/08/19 v2.5f e-TeX tools for LaTeX (JAW)
\etb@tempcnta=\count80
)
\beamer@tempbox=\box27
\beamer@tempcount=\count81
\c@beamerpauses=\count82
 (c:/texlive/2018/texmf-dist/tex/latex/beamer/beamerbasedecode.sty
\beamer@slideinframe=\count83
\beamer@minimum=\count84
)
\beamer@commentbox=\box28
\beamer@modecount=\count85
) (c:/texlive/2018/texmf-dist/tex/generic/oberdiek/ifpdf.sty
Package: ifpdf 2018/09/07 v3.3 Provides the ifpdf switch
)
\headdp=\dimen102
\footheight=\dimen103
\sidebarheight=\dimen104
\beamer@tempdim=\dimen105
\beamer@finalheight=\dimen106
\beamer@animht=\dimen107
\beamer@animdp=\dimen108
\beamer@animwd=\dimen109
\beamer@leftmargin=\dimen110
\beamer@rightmargin=\dimen111
\beamer@leftsidebar=\dimen112
\beamer@rightsidebar=\dimen113
\beamer@boxsize=\dimen114
\beamer@vboxoffset=\dimen115
\beamer@descdefault=\dimen116
\beamer@descriptionwidth=\dimen117
\beamer@lastskip=\skip41
\beamer@areabox=\box29
\beamer@animcurrent=\box30
\beamer@animshowbox=\box31
\beamer@sectionbox=\box32
\beamer@logobox=\box33
\beamer@linebox=\box34
\beamer@sectioncount=\count86
\beamer@subsubsectionmax=\count87
\beamer@subsectionmax=\count88
\beamer@sectionmax=\count89
\beamer@totalheads=\count90
\beamer@headcounter=\count91
\beamer@partstartpage=\count92
\beamer@sectionstartpage=\count93
\beamer@subsectionstartpage=\count94
\beamer@animationtempa=\count95
\beamer@animationtempb=\count96
\beamer@xpos=\count97
\beamer@ypos=\count98
\beamer@ypos@offset=\count99
\beamer@showpartnumber=\count100
\beamer@currentsubsection=\count101
\beamer@coveringdepth=\count102
\beamer@sectionadjust=\count103
\beamer@tocsectionnumber=\count104
 (c:/texlive/2018/texmf-dist/tex/latex/beamer/beamerbaseoptions.sty (c:/texlive/2018/texmf-dist/tex/latex/graphics/keyval.sty
Package: keyval 2014/10/28 v1.15 key=value parser (DPC)
\KV@toks@=\toks14
))
\beamer@paperwidth=\skip42
\beamer@paperheight=\skip43
 (c:/texlive/2018/texmf-dist/tex/latex/geometry/geometry.sty
Package: geometry 2018/04/16 v5.8 Page Geometry
 (c:/texlive/2018/texmf-dist/tex/generic/oberdiek/ifvtex.sty
Package: ifvtex 2016/05/16 v1.6 Detect VTeX and its facilities (HO)
Package ifvtex Info: VTeX not detected.
) (c:/texlive/2018/texmf-dist/tex/generic/ifxetex/ifxetex.sty
Package: ifxetex 2010/09/12 v0.6 Provides ifxetex conditional
)
\Gm@cnth=\count105
\Gm@cntv=\count106
\c@Gm@tempcnt=\count107
\Gm@bindingoffset=\dimen118
\Gm@wd@mp=\dimen119
\Gm@odd@mp=\dimen120
\Gm@even@mp=\dimen121
\Gm@layoutwidth=\dimen122
\Gm@layoutheight=\dimen123
\Gm@layouthoffset=\dimen124
\Gm@layoutvoffset=\dimen125
\Gm@dimlist=\toks15
) (c:/texlive/2018/texmf-dist/tex/latex/base/size11.clo
File: size11.clo 2018/09/03 v1.4i Standard LaTeX file (size option)
) (c:/texlive/2018/texmf-dist/tex/latex/pgf/basiclayer/pgfcore.sty (c:/texlive/2018/texmf-dist/tex/latex/graphics/graphicx.sty
Package: graphicx 2017/06/01 v1.1a Enhanced LaTeX Graphics (DPC,SPQR)
 (c:/texlive/2018/texmf-dist/tex/latex/graphics/graphics.sty
Package: graphics 2017/06/25 v1.2c Standard LaTeX Graphics (DPC,SPQR)
 (c:/texlive/2018/texmf-dist/tex/latex/graphics/trig.sty
Package: trig 2016/01/03 v1.10 sin cos tan (DPC)
) (c:/texlive/2018/texmf-dist/tex/latex/graphics-cfg/graphics.cfg
File: graphics.cfg 2016/06/04 v1.11 sample graphics configuration
)
Package graphics Info: Driver file: pdftex.def on input line 99.
 (c:/texlive/2018/texmf-dist/tex/latex/graphics-def/pdftex.def
File: pdftex.def 2018/01/08 v1.0l Graphics/color driver for pdftex
))
\Gin@req@height=\dimen126
\Gin@req@width=\dimen127
) (c:/texlive/2018/texmf-dist/tex/latex/pgf/systemlayer/pgfsys.sty (c:/texlive/2018/texmf-dist/tex/latex/pgf/utilities/pgfrcs.sty (c:/texlive/2018/texmf-dist/tex/generic/pgf/utilities/pgfutil-common.tex
\pgfutil@everybye=\toks16
\pgfutil@tempdima=\dimen128
\pgfutil@tempdimb=\dimen129
 (c:/texlive/2018/texmf-dist/tex/generic/pgf/utilities/pgfutil-common-lists.tex)) (c:/texlive/2018/texmf-dist/tex/generic/pgf/utilities/pgfutil-latex.def
\pgfutil@abb=\box35
 (c:/texlive/2018/texmf-dist/tex/latex/ms/everyshi.sty
Package: everyshi 2001/05/15 v3.00 EveryShipout Package (MS)
)) (c:/texlive/2018/texmf-dist/tex/generic/pgf/utilities/pgfrcs.code.tex
Package: pgfrcs 2015/08/07 v3.0.1a (rcs-revision 1.31)
)) (c:/texlive/2018/texmf-dist/tex/generic/pgf/systemlayer/pgfsys.code.tex
Package: pgfsys 2014/07/09 v3.0.1a (rcs-revision 1.48)
 (c:/texlive/2018/texmf-dist/tex/generic/pgf/utilities/pgfkeys.code.tex
\pgfkeys@pathtoks=\toks17
\pgfkeys@temptoks=\toks18
 (c:/texlive/2018/texmf-dist/tex/generic/pgf/utilities/pgfkeysfiltered.code.tex
\pgfkeys@tmptoks=\toks19
))
\pgf@x=\dimen130
\pgf@y=\dimen131
\pgf@xa=\dimen132
\pgf@ya=\dimen133
\pgf@xb=\dimen134
\pgf@yb=\dimen135
\pgf@xc=\dimen136
\pgf@yc=\dimen137
\w@pgf@writea=\write3
\r@pgf@reada=\read1
\c@pgf@counta=\count108
\c@pgf@countb=\count109
\c@pgf@countc=\count110
\c@pgf@countd=\count111
\t@pgf@toka=\toks20
\t@pgf@tokb=\toks21
\t@pgf@tokc=\toks22
 (c:/texlive/2018/texmf-dist/tex/generic/pgf/systemlayer/pgf.cfg
File: pgf.cfg 2008/05/14  (rcs-revision 1.7)
)
Driver file for pgf: pgfsys-pdftex.def
 (c:/texlive/2018/texmf-dist/tex/generic/pgf/systemlayer/pgfsys-pdftex.def
File: pgfsys-pdftex.def 2014/10/11  (rcs-revision 1.35)
 (c:/texlive/2018/texmf-dist/tex/generic/pgf/systemlayer/pgfsys-common-pdf.def
File: pgfsys-common-pdf.def 2013/10/10  (rcs-revision 1.13)
))) (c:/texlive/2018/texmf-dist/tex/generic/pgf/systemlayer/pgfsyssoftpath.code.tex
File: pgfsyssoftpath.code.tex 2013/09/09  (rcs-revision 1.9)
\pgfsyssoftpath@smallbuffer@items=\count112
\pgfsyssoftpath@bigbuffer@items=\count113
) (c:/texlive/2018/texmf-dist/tex/generic/pgf/systemlayer/pgfsysprotocol.code.tex
File: pgfsysprotocol.code.tex 2006/10/16  (rcs-revision 1.4)
)) (c:/texlive/2018/texmf-dist/tex/latex/xcolor/xcolor.sty
Package: xcolor 2016/05/11 v2.12 LaTeX color extensions (UK)
 (c:/texlive/2018/texmf-dist/tex/latex/graphics-cfg/color.cfg
File: color.cfg 2016/01/02 v1.6 sample color configuration
)
Package xcolor Info: Driver file: pdftex.def on input line 225.
Package xcolor Info: Model `cmy' substituted by `cmy0' on input line 1348.
Package xcolor Info: Model `hsb' substituted by `rgb' on input line 1352.
Package xcolor Info: Model `RGB' extended on input line 1364.
Package xcolor Info: Model `HTML' substituted by `rgb' on input line 1366.
Package xcolor Info: Model `Hsb' substituted by `hsb' on input line 1367.
Package xcolor Info: Model `tHsb' substituted by `hsb' on input line 1368.
Package xcolor Info: Model `HSB' substituted by `hsb' on input line 1369.
Package xcolor Info: Model `Gray' substituted by `gray' on input line 1370.
Package xcolor Info: Model `wave' substituted by `hsb' on input line 1371.
) (c:/texlive/2018/texmf-dist/tex/generic/pgf/basiclayer/pgfcore.code.tex
Package: pgfcore 2010/04/11 v3.0.1a (rcs-revision 1.7)
 (c:/texlive/2018/texmf-dist/tex/generic/pgf/math/pgfmath.code.tex (c:/texlive/2018/texmf-dist/tex/generic/pgf/math/pgfmathcalc.code.tex (c:/texlive/2018/texmf-dist/tex/generic/pgf/math/pgfmathutil.code.tex) (c:/texlive/2018/texmf-dist/tex/generic/pgf/math/pgfmathparser.code.tex
\pgfmath@dimen=\dimen138
\pgfmath@count=\count114
\pgfmath@box=\box36
\pgfmath@toks=\toks23
\pgfmath@stack@operand=\toks24
\pgfmath@stack@operation=\toks25
) (c:/texlive/2018/texmf-dist/tex/generic/pgf/math/pgfmathfunctions.code.tex (c:/texlive/2018/texmf-dist/tex/generic/pgf/math/pgfmathfunctions.basic.code.tex) (c:/texlive/2018/texmf-dist/tex/generic/pgf/math/pgfmathfunctions.trigonometric.code.tex) (c:/texlive/2018/texmf-dist/tex/generic/pgf/math/pgfmathfunctions.random.code.tex) (c:/texlive/2018/texmf-dist/tex/generic/pgf/math/pgfmathfunctions.comparison.code.tex) (c:/texlive/2018/texmf-dist/tex/generic/pgf/math/pgfmathfunctions.base.code.tex) (c:/texlive/2018/texmf-dist/tex/generic/pgf/math/pgfmathfunctions.round.code.tex) (c:/texlive/2018/texmf-dist/tex/generic/pgf/math/pgfmathfunctions.misc.code.tex) (c:/texlive/2018/texmf-dist/tex/generic/pgf/math/pgfmathfunctions.integerarithmetics.code.tex))) (c:/texlive/2018/texmf-dist/tex/generic/pgf/math/pgfmathfloat.code.tex
\c@pgfmathroundto@lastzeros=\count115
)) (c:/texlive/2018/texmf-dist/tex/generic/pgf/basiclayer/pgfcorepoints.code.tex
File: pgfcorepoints.code.tex 2013/10/07  (rcs-revision 1.27)
\pgf@picminx=\dimen139
\pgf@picmaxx=\dimen140
\pgf@picminy=\dimen141
\pgf@picmaxy=\dimen142
\pgf@pathminx=\dimen143
\pgf@pathmaxx=\dimen144
\pgf@pathminy=\dimen145
\pgf@pathmaxy=\dimen146
\pgf@xx=\dimen147
\pgf@xy=\dimen148
\pgf@yx=\dimen149
\pgf@yy=\dimen150
\pgf@zx=\dimen151
\pgf@zy=\dimen152
) (c:/texlive/2018/texmf-dist/tex/generic/pgf/basiclayer/pgfcorepathconstruct.code.tex
File: pgfcorepathconstruct.code.tex 2013/10/07  (rcs-revision 1.29)
\pgf@path@lastx=\dimen153
\pgf@path@lasty=\dimen154
) (c:/texlive/2018/texmf-dist/tex/generic/pgf/basiclayer/pgfcorepathusage.code.tex
File: pgfcorepathusage.code.tex 2014/11/02  (rcs-revision 1.24)
\pgf@shorten@end@additional=\dimen155
\pgf@shorten@start@additional=\dimen156
) (c:/texlive/2018/texmf-dist/tex/generic/pgf/basiclayer/pgfcorescopes.code.tex
File: pgfcorescopes.code.tex 2015/05/08  (rcs-revision 1.46)
\pgfpic=\box37
\pgf@hbox=\box38
\pgf@layerbox@main=\box39
\pgf@picture@serial@count=\count116
) (c:/texlive/2018/texmf-dist/tex/generic/pgf/basiclayer/pgfcoregraphicstate.code.tex
File: pgfcoregraphicstate.code.tex 2014/11/02  (rcs-revision 1.12)
\pgflinewidth=\dimen157
) (c:/texlive/2018/texmf-dist/tex/generic/pgf/basiclayer/pgfcoretransformations.code.tex
File: pgfcoretransformations.code.tex 2015/08/07  (rcs-revision 1.20)
\pgf@pt@x=\dimen158
\pgf@pt@y=\dimen159
\pgf@pt@temp=\dimen160
) (c:/texlive/2018/texmf-dist/tex/generic/pgf/basiclayer/pgfcorequick.code.tex
File: pgfcorequick.code.tex 2008/10/09  (rcs-revision 1.3)
) (c:/texlive/2018/texmf-dist/tex/generic/pgf/basiclayer/pgfcoreobjects.code.tex
File: pgfcoreobjects.code.tex 2006/10/11  (rcs-revision 1.2)
) (c:/texlive/2018/texmf-dist/tex/generic/pgf/basiclayer/pgfcorepathprocessing.code.tex
File: pgfcorepathprocessing.code.tex 2013/09/09  (rcs-revision 1.9)
) (c:/texlive/2018/texmf-dist/tex/generic/pgf/basiclayer/pgfcorearrows.code.tex
File: pgfcorearrows.code.tex 2015/05/14  (rcs-revision 1.43)
\pgfarrowsep=\dimen161
) (c:/texlive/2018/texmf-dist/tex/generic/pgf/basiclayer/pgfcoreshade.code.tex
File: pgfcoreshade.code.tex 2013/07/15  (rcs-revision 1.15)
\pgf@max=\dimen162
\pgf@sys@shading@range@num=\count117
) (c:/texlive/2018/texmf-dist/tex/generic/pgf/basiclayer/pgfcoreimage.code.tex
File: pgfcoreimage.code.tex 2013/07/15  (rcs-revision 1.18)
 (c:/texlive/2018/texmf-dist/tex/generic/pgf/basiclayer/pgfcoreexternal.code.tex
File: pgfcoreexternal.code.tex 2014/07/09  (rcs-revision 1.21)
\pgfexternal@startupbox=\box40
)) (c:/texlive/2018/texmf-dist/tex/generic/pgf/basiclayer/pgfcorelayers.code.tex
File: pgfcorelayers.code.tex 2013/07/18  (rcs-revision 1.7)
) (c:/texlive/2018/texmf-dist/tex/generic/pgf/basiclayer/pgfcoretransparency.code.tex
File: pgfcoretransparency.code.tex 2013/09/30  (rcs-revision 1.5)
) (c:/texlive/2018/texmf-dist/tex/generic/pgf/basiclayer/pgfcorepatterns.code.tex
File: pgfcorepatterns.code.tex 2013/11/07  (rcs-revision 1.5)
))) (c:/texlive/2018/texmf-dist/tex/latex/pgf/utilities/xxcolor.sty
Package: xxcolor 2003/10/24 ver 0.1
\XC@nummixins=\count118
\XC@countmixins=\count119
) (c:/texlive/2018/texmf-dist/tex/generic/oberdiek/atbegshi.sty
Package: atbegshi 2016/06/09 v1.18 At begin shipout hook (HO)
 (c:/texlive/2018/texmf-dist/tex/generic/oberdiek/infwarerr.sty
Package: infwarerr 2016/05/16 v1.4 Providing info/warning/error messages (HO)
) (c:/texlive/2018/texmf-dist/tex/generic/oberdiek/ltxcmds.sty
Package: ltxcmds 2016/05/16 v1.23 LaTeX kernel commands for general use (HO)
)) (c:/texlive/2018/texmf-dist/tex/latex/hyperref/hyperref.sty
Package: hyperref 2018/11/30 v6.88e Hypertext links for LaTeX
 (c:/texlive/2018/texmf-dist/tex/generic/oberdiek/hobsub-hyperref.sty
Package: hobsub-hyperref 2016/05/16 v1.14 Bundle oberdiek, subset hyperref (HO)
 (c:/texlive/2018/texmf-dist/tex/generic/oberdiek/hobsub-generic.sty
Package: hobsub-generic 2016/05/16 v1.14 Bundle oberdiek, subset generic (HO)
Package: hobsub 2016/05/16 v1.14 Construct package bundles (HO)
Package hobsub Info: Skipping package `infwarerr' (already loaded).
Package hobsub Info: Skipping package `ltxcmds' (already loaded).
Package: ifluatex 2016/05/16 v1.4 Provides the ifluatex switch (HO)
Package ifluatex Info: LuaTeX not detected.
Package hobsub Info: Skipping package `ifvtex' (already loaded).
Package: intcalc 2016/05/16 v1.2 Expandable calculations with integers (HO)
Package hobsub Info: Skipping package `ifpdf' (already loaded).
Package: etexcmds 2016/05/16 v1.6 Avoid name clashes with e-TeX commands (HO)
Package etexcmds Info: Could not find \expanded.
(etexcmds)             That can mean that you are not using pdfTeX 1.50 or
(etexcmds)             that some package has redefined \expanded.
(etexcmds)             In the latter case, load this package earlier.
Package: kvsetkeys 2016/05/16 v1.17 Key value parser (HO)
Package: kvdefinekeys 2016/05/16 v1.4 Define keys (HO)
Package: pdftexcmds 2018/09/10 v0.29 Utility functions of pdfTeX for LuaTeX (HO)
Package pdftexcmds Info: LuaTeX not detected.
Package pdftexcmds Info: \pdf@primitive is available.
Package pdftexcmds Info: \pdf@ifprimitive is available.
Package pdftexcmds Info: \pdfdraftmode found.
Package: pdfescape 2016/05/16 v1.14 Implements pdfTeX's escape features (HO)
Package: bigintcalc 2016/05/16 v1.4 Expandable calculations on big integers (HO)
Package: bitset 2016/05/16 v1.2 Handle bit-vector datatype (HO)
Package: uniquecounter 2016/05/16 v1.3 Provide unlimited unique counter (HO)
)
Package hobsub Info: Skipping package `hobsub' (already loaded).
Package: letltxmacro 2016/05/16 v1.5 Let assignment for LaTeX macros (HO)
Package: hopatch 2016/05/16 v1.3 Wrapper for package hooks (HO)
Package: xcolor-patch 2016/05/16 xcolor patch
Package: atveryend 2016/05/16 v1.9 Hooks at the very end of document (HO)
Package hobsub Info: Skipping package `atbegshi' (already loaded).
Package: refcount 2016/05/16 v3.5 Data extraction from label references (HO)
Package: hycolor 2016/05/16 v1.8 Color options for hyperref/bookmark (HO)
) (c:/texlive/2018/texmf-dist/tex/latex/oberdiek/auxhook.sty
Package: auxhook 2016/05/16 v1.4 Hooks for auxiliary files (HO)
) (c:/texlive/2018/texmf-dist/tex/latex/oberdiek/kvoptions.sty
Package: kvoptions 2016/05/16 v3.12 Key value format for package options (HO)
)
\@linkdim=\dimen163
\Hy@linkcounter=\count120
\Hy@pagecounter=\count121
 (c:/texlive/2018/texmf-dist/tex/latex/hyperref/pd1enc.def
File: pd1enc.def 2018/11/30 v6.88e Hyperref: PDFDocEncoding definition (HO)
Now handling font encoding PD1 ...
... no UTF-8 mapping file for font encoding PD1
)
\Hy@SavedSpaceFactor=\count122
 (c:/texlive/2018/texmf-dist/tex/latex/latexconfig/hyperref.cfg
File: hyperref.cfg 2002/06/06 v1.2 hyperref configuration of TeXLive
)
Package hyperref Info: Option `bookmarks' set `true' on input line 4393.
Package hyperref Info: Option `bookmarksopen' set `true' on input line 4393.
Package hyperref Info: Option `implicit' set `false' on input line 4393.
Package hyperref Info: Hyper figures OFF on input line 4519.
Package hyperref Info: Link nesting OFF on input line 4524.
Package hyperref Info: Hyper index ON on input line 4527.
Package hyperref Info: Plain pages OFF on input line 4534.
Package hyperref Info: Backreferencing OFF on input line 4539.
Package hyperref Info: Implicit mode OFF; no redefinition of LaTeX internals.
Package hyperref Info: Bookmarks ON on input line 4772.
\c@Hy@tempcnt=\count123
 (c:/texlive/2018/texmf-dist/tex/latex/url/url.sty
\Urlmuskip=\muskip10
Package: url 2013/09/16  ver 3.4  Verb mode for urls, etc.
)
LaTeX Info: Redefining \url on input line 5125.
\XeTeXLinkMargin=\dimen164
\Fld@menulength=\count124
\Field@Width=\dimen165
\Fld@charsize=\dimen166
Package hyperref Info: Hyper figures OFF on input line 6380.
Package hyperref Info: Link nesting OFF on input line 6385.
Package hyperref Info: Hyper index ON on input line 6388.
Package hyperref Info: backreferencing OFF on input line 6395.
Package hyperref Info: Link coloring OFF on input line 6400.
Package hyperref Info: Link coloring with OCG OFF on input line 6405.
Package hyperref Info: PDF/A mode OFF on input line 6410.
LaTeX Info: Redefining \ref on input line 6450.
LaTeX Info: Redefining \pageref on input line 6454.
\Hy@abspage=\count125


Package hyperref Message: Stopped early.

)
Package hyperref Info: Driver (autodetected): hpdftex.
 (c:/texlive/2018/texmf-dist/tex/latex/hyperref/hpdftex.def
File: hpdftex.def 2018/11/30 v6.88e Hyperref driver for pdfTeX
\Fld@listcount=\count126
\c@bookmark@seq@number=\count127
 (c:/texlive/2018/texmf-dist/tex/latex/oberdiek/rerunfilecheck.sty
Package: rerunfilecheck 2016/05/16 v1.8 Rerun checks for auxiliary files (HO)
Package uniquecounter Info: New unique counter `rerunfilecheck' on input line 282.
)) (c:/texlive/2018/texmf-dist/tex/latex/beamer/beamerbaserequires.sty (c:/texlive/2018/texmf-dist/tex/latex/beamer/beamerbasecompatibility.sty) (c:/texlive/2018/texmf-dist/tex/latex/beamer/beamerbasefont.sty (c:/texlive/2018/texmf-dist/tex/latex/amsfonts/amssymb.sty
Package: amssymb 2013/01/14 v3.01 AMS font symbols
 (c:/texlive/2018/texmf-dist/tex/latex/amsfonts/amsfonts.sty
Package: amsfonts 2013/01/14 v3.01 Basic AMSFonts support
\@emptytoks=\toks26
\symAMSa=\mathgroup4
\symAMSb=\mathgroup5
LaTeX Font Info:    Overwriting math alphabet `\mathfrak' in version `bold'
(Font)                  U/euf/m/n --> U/euf/b/n on input line 106.
)) (c:/texlive/2018/texmf-dist/tex/latex/sansmathaccent/sansmathaccent.sty
Package: sansmathaccent 2013/03/28
 (c:/texlive/2018/texmf-dist/tex/latex/filehook/filehook.sty
Package: filehook 2011/10/12 v0.5d Hooks for input files
))) (c:/texlive/2018/texmf-dist/tex/latex/beamer/beamerbasetranslator.sty (c:/texlive/2018/texmf-dist/tex/latex/translator/translator.sty
Package: translator 2018/01/04 v1.12 Easy translation of strings in LaTeX
)) (c:/texlive/2018/texmf-dist/tex/latex/beamer/beamerbasemisc.sty) (c:/texlive/2018/texmf-dist/tex/latex/beamer/beamerbasetwoscreens.sty) (c:/texlive/2018/texmf-dist/tex/latex/beamer/beamerbaseoverlay.sty
\beamer@argscount=\count128
\beamer@lastskipcover=\skip44
\beamer@trivlistdepth=\count129
) (c:/texlive/2018/texmf-dist/tex/latex/beamer/beamerbasetitle.sty) (c:/texlive/2018/texmf-dist/tex/latex/beamer/beamerbasesection.sty
\c@lecture=\count130
\c@part=\count131
\c@section=\count132
\c@subsection=\count133
\c@subsubsection=\count134
) (c:/texlive/2018/texmf-dist/tex/latex/beamer/beamerbaseframe.sty
\beamer@framebox=\box41
\beamer@frametitlebox=\box42
\beamer@zoombox=\box43
\beamer@zoomcount=\count135
\beamer@zoomframecount=\count136
\beamer@frametextheight=\dimen167
\c@subsectionslide=\count137
\beamer@frametopskip=\skip45
\beamer@framebottomskip=\skip46
\beamer@frametopskipautobreak=\skip47
\beamer@framebottomskipautobreak=\skip48
\beamer@envbody=\toks27
\framewidth=\dimen168
\c@framenumber=\count138
) (c:/texlive/2018/texmf-dist/tex/latex/beamer/beamerbaseverbatim.sty
\beamer@verbatimfileout=\write4
) (c:/texlive/2018/texmf-dist/tex/latex/beamer/beamerbaseframesize.sty
\beamer@splitbox=\box44
\beamer@autobreakcount=\count139
\beamer@autobreaklastheight=\dimen169
\beamer@frametitletoks=\toks28
\beamer@framesubtitletoks=\toks29
) (c:/texlive/2018/texmf-dist/tex/latex/beamer/beamerbaseframecomponents.sty
\beamer@footins=\box45
) (c:/texlive/2018/texmf-dist/tex/latex/beamer/beamerbasecolor.sty) (c:/texlive/2018/texmf-dist/tex/latex/beamer/beamerbasenotes.sty
\beamer@frameboxcopy=\box46
) (c:/texlive/2018/texmf-dist/tex/latex/beamer/beamerbasetoc.sty) (c:/texlive/2018/texmf-dist/tex/latex/beamer/beamerbasetemplates.sty
\beamer@sbttoks=\toks30
 (c:/texlive/2018/texmf-dist/tex/latex/beamer/beamerbaseauxtemplates.sty (c:/texlive/2018/texmf-dist/tex/latex/beamer/beamerbaseboxes.sty
\bmb@box=\box47
\bmb@colorbox=\box48
\bmb@boxshadow=\box49
\bmb@boxshadowball=\box50
\bmb@boxshadowballlarge=\box51
\bmb@temp=\dimen170
\bmb@dima=\dimen171
\bmb@dimb=\dimen172
\bmb@prevheight=\dimen173
)
\beamer@blockheadheight=\dimen174
)) (c:/texlive/2018/texmf-dist/tex/latex/beamer/beamerbaselocalstructure.sty (c:/texlive/2018/texmf-dist/tex/latex/tools/enumerate.sty
Package: enumerate 2015/07/23 v3.00 enumerate extensions (DPC)
\@enLab=\toks31
)
\c@figure=\count140
\c@table=\count141
\abovecaptionskip=\skip49
\belowcaptionskip=\skip50
) (c:/texlive/2018/texmf-dist/tex/latex/beamer/beamerbasenavigation.sty
\beamer@section@min@dim=\dimen175
) (c:/texlive/2018/texmf-dist/tex/latex/beamer/beamerbasetheorems.sty (c:/texlive/2018/texmf-dist/tex/latex/amsmath/amsmath.sty
Package: amsmath 2018/12/01 v2.17b AMS math features
\@mathmargin=\skip51

For additional information on amsmath, use the `?' option.
(c:/texlive/2018/texmf-dist/tex/latex/amsmath/amstext.sty
Package: amstext 2000/06/29 v2.01 AMS text
 (c:/texlive/2018/texmf-dist/tex/latex/amsmath/amsgen.sty
File: amsgen.sty 1999/11/30 v2.0 generic functions
\@emptytoks=\toks32
\ex@=\dimen176
)) (c:/texlive/2018/texmf-dist/tex/latex/amsmath/amsbsy.sty
Package: amsbsy 1999/11/29 v1.2d Bold Symbols
\pmbraise@=\dimen177
) (c:/texlive/2018/texmf-dist/tex/latex/amsmath/amsopn.sty
Package: amsopn 2016/03/08 v2.02 operator names
)
\inf@bad=\count142
LaTeX Info: Redefining \frac on input line 223.
\uproot@=\count143
\leftroot@=\count144
LaTeX Info: Redefining \overline on input line 385.
\classnum@=\count145
\DOTSCASE@=\count146
LaTeX Info: Redefining \ldots on input line 482.
LaTeX Info: Redefining \dots on input line 485.
LaTeX Info: Redefining \cdots on input line 606.
\Mathstrutbox@=\box52
\strutbox@=\box53
\big@size=\dimen178
LaTeX Font Info:    Redeclaring font encoding OML on input line 729.
LaTeX Font Info:    Redeclaring font encoding OMS on input line 730.
\macc@depth=\count147
\c@MaxMatrixCols=\count148
\dotsspace@=\muskip11
\c@parentequation=\count149
\dspbrk@lvl=\count150
\tag@help=\toks33
\row@=\count151
\column@=\count152
\maxfields@=\count153
\andhelp@=\toks34
\eqnshift@=\dimen179
\alignsep@=\dimen180
\tagshift@=\dimen181
\tagwidth@=\dimen182
\totwidth@=\dimen183
\lineht@=\dimen184
\@envbody=\toks35
\multlinegap=\skip52
\multlinetaggap=\skip53
\mathdisplay@stack=\toks36
LaTeX Info: Redefining \[ on input line 2844.
LaTeX Info: Redefining \] on input line 2845.
) (c:/texlive/2018/texmf-dist/tex/latex/amscls/amsthm.sty
Package: amsthm 2017/10/31 v2.20.4
\thm@style=\toks37
\thm@bodyfont=\toks38
\thm@headfont=\toks39
\thm@notefont=\toks40
\thm@headpunct=\toks41
\thm@preskip=\skip54
\thm@postskip=\skip55
\thm@headsep=\skip56
\dth@everypar=\toks42
)
\c@theorem=\count154
) (c:/texlive/2018/texmf-dist/tex/latex/beamer/beamerbasethemes.sty)) (c:/texlive/2018/texmf-dist/tex/latex/beamer/beamerthemedefault.sty (c:/texlive/2018/texmf-dist/tex/latex/beamer/beamerfontthemedefault.sty) (c:/texlive/2018/texmf-dist/tex/latex/beamer/beamercolorthemedefault.sty) (c:/texlive/2018/texmf-dist/tex/latex/beamer/beamerinnerthemedefault.sty
\beamer@dima=\dimen185
\beamer@dimb=\dimen186
) (c:/texlive/2018/texmf-dist/tex/latex/beamer/beamerouterthemedefault.sty))) (c:/texlive/2018/texmf-dist/tex/latex/beamer/beamerthemeWarsaw.sty (c:/texlive/2018/texmf-dist/tex/latex/beamer/beamerinnerthemerounded.sty) (c:/texlive/2018/texmf-dist/tex/latex/beamer/beamerouterthemeshadow.sty (c:/texlive/2018/texmf-dist/tex/latex/beamer/beamerouterthemesplit.sty)) (c:/texlive/2018/texmf-dist/tex/latex/beamer/beamercolorthemeorchid.sty) (c:/texlive/2018/texmf-dist/tex/latex/beamer/beamercolorthemewhale.sty)) (c:/texlive/2018/texmf-dist/tex/latex/beamer/beamerthemesplit.sty (c:/texlive/2018/texmf-dist/tex/latex/beamer/beamerfontthemestructurebold.sty)) (c:/texlive/2018/texmf-dist/tex/generic/babel/babel.sty
Package: babel 2018/11/13 3.27 The Babel package
 (c:/texlive/2018/texmf-dist/tex/generic/babel/switch.def
File: switch.def 2018/11/13 3.27 Babel switching mechanism
) (c:/texlive/2018/texmf-dist/tex/generic/babel-english/english.ldf
Language: english 2017/06/06 v3.3r English support from the babel system
 (c:/texlive/2018/texmf-dist/tex/generic/babel/babel.def
File: babel.def 2018/11/13 3.27 Babel common definitions
\babel@savecnt=\count155
\U@D=\dimen187
 (c:/texlive/2018/texmf-dist/tex/generic/babel/txtbabel.def)
LaTeX Info: Redefining \textlatin on input line 2003.
\bbl@dirlevel=\count156
)
\l@canadian = a dialect from \language\l@american 
\l@australian = a dialect from \language\l@british 
\l@newzealand = a dialect from \language\l@british 
)) (c:/texlive/2018/texmf-dist/tex/latex/base/inputenc.sty
Package: inputenc 2018/08/11 v1.3c Input encoding file
\inpenc@prehook=\toks43
\inpenc@posthook=\toks44
 (c:/texlive/2018/texmf-dist/tex/latex/ucs/utf8x.def
File: utf8x.def 2004/10/17 UCS: Input encoding UTF-8
)) (c:/texlive/2018/texmf-dist/tex/latex/ucs/ucs.sty
Package: ucs 2013/05/11 v2.2 UCS: Unicode input support
 (c:/texlive/2018/texmf-dist/tex/latex/ucs/data/uni-global.def
File: uni-global.def 2013/05/13 UCS: Unicode global data
)
\uc@secondtry=\count157
\uc@combtoks=\toks45
\uc@combtoksb=\toks46
\uc@temptokena=\toks47
) (c:/texlive/2018/texmf-dist/tex/latex/textpos/textpos.sty
Package: textpos 2016/06/07 v1.8

Package: textpos 2016/06/07 1.8, absolute positioning of text on the page
\TP@textbox=\box54
\TP@holdbox=\box55
\TPHorizModule=\dimen188
\TPVertModule=\dimen189
\TP@margin=\dimen190
\TP@absmargin=\dimen191
Grid set 16 x 16 = 22.7622pt x 17.07166pt
\TPboxrulesize=\dimen192
\TP@ox=\dimen193
\TP@oy=\dimen194
\TP@tbargs=\toks48
\TP@prevdepth=\dimen195
TextBlockOrigin set to 0pt x 0pt
) (c:/texlive/2018/texmf-dist/tex/latex/caption/caption.sty
Package: caption 2018/10/06 v3.3-154 Customizing captions (AR)
 (c:/texlive/2018/texmf-dist/tex/latex/caption/caption3.sty
Package: caption3 2018/09/12 v1.8c caption3 kernel (AR)
Package caption3 Info: TeX engine: e-TeX on input line 64.
\captionmargin=\dimen196
\captionmargin@=\dimen197
\captionwidth=\dimen198
\caption@tempdima=\dimen199
\caption@indent=\dimen256
\caption@parindent=\dimen257
\caption@hangindent=\dimen258
)
\c@caption@flags=\count158
\c@ContinuedFloat=\count159
Package caption Info: beamer document class.
Package caption Info: hyperref package is loaded.
Package caption Info: Hyperref support is turned off
(caption)             because hyperref has stopped early.
) (c:/texlive/2018/texmf-dist/tex/latex/xargs/xargs.sty
Package: xargs 2008/03/22 v1.1  extended macro definitions  (mpg)
 (c:/texlive/2018/texmf-dist/tex/latex/xkeyval/xkeyval.sty
Package: xkeyval 2014/12/03 v2.7a package option processing (HA)
 (c:/texlive/2018/texmf-dist/tex/generic/xkeyval/xkeyval.tex (c:/texlive/2018/texmf-dist/tex/generic/xkeyval/xkvutils.tex
\XKV@toks=\toks49
\XKV@tempa@toks=\toks50
)
\XKV@depth=\count160
File: xkeyval.tex 2014/12/03 v2.7a key=value parser (HA)
))
\xargs@max=\count161
\xargs@toksa=\toks51
\xargs@toksb=\toks52
) (c:/texlive/2018/texmf-dist/tex/latex/algorithm2e/algorithm2e.sty
Package: algorithm2e 2017/07/18 v5.2 algorithms environments
\c@AlgoLine=\count162
 (c:/texlive/2018/texmf-dist/tex/latex/base/ifthen.sty
Package: ifthen 2014/09/29 v1.1c Standard LaTeX ifthen package (DPC)
)
\algocf@hangindent=\skip57
 (c:/texlive/2018/texmf-dist/tex/latex/ifoddpage/ifoddpage.sty
Package: ifoddpage 2016/04/23 v1.1 Conditionals for odd/even page detection
\c@checkoddpage=\count163
) (c:/texlive/2018/texmf-dist/tex/latex/tools/xspace.sty
Package: xspace 2014/10/28 v1.13 Space after command names (DPC,MH)
) (c:/texlive/2018/texmf-dist/tex/latex/relsize/relsize.sty
Package: relsize 2013/03/29 ver 4.1
)
\skiptotal=\skip58
\skiplinenumber=\skip59
\skiprule=\skip60
\skiphlne=\skip61
\skiptext=\skip62
\skiplength=\skip63
\algomargin=\skip64
\skipalgocfslide=\skip65
\algowidth=\dimen259
\inoutsize=\dimen260
\inoutindent=\dimen261
\interspacetitleruled=\dimen262
\interspacealgoruled=\dimen263
\interspacetitleboxruled=\dimen264
\algocf@ruledwidth=\skip66
\algocf@inoutbox=\box56
\algocf@inputbox=\box57
\AlCapSkip=\skip67
\AlCapHSkip=\skip68
\algoskipindent=\skip69
\algocf@nlbox=\box58
\algocf@hangingbox=\box59
\algocf@untilbox=\box60
\algocf@skipuntil=\skip70
\algocf@capbox=\box61
\algocf@lcaptionbox=\skip71
\algoheightruledefault=\skip72
\algoheightrule=\skip73
\algotitleheightruledefault=\skip74
\algotitleheightrule=\skip75
\c@algocfline=\count164
\c@algocfproc=\count165
\c@algocf=\count166
\algocf@algoframe=\box62
\algocf@algobox=\box63
) (c:/texlive/2018/texmf-dist/tex/latex/mathtools/mathtools.sty
Package: mathtools 2018/01/08 v1.21 mathematical typesetting tools
 (c:/texlive/2018/texmf-dist/tex/latex/tools/calc.sty
Package: calc 2017/05/25 v4.3 Infix arithmetic (KKT,FJ)
\calc@Acount=\count167
\calc@Bcount=\count168
\calc@Adimen=\dimen265
\calc@Bdimen=\dimen266
\calc@Askip=\skip76
\calc@Bskip=\skip77
LaTeX Info: Redefining \setlength on input line 80.
LaTeX Info: Redefining \addtolength on input line 81.
\calc@Ccount=\count169
\calc@Cskip=\skip78
) (c:/texlive/2018/texmf-dist/tex/latex/mathtools/mhsetup.sty
Package: mhsetup 2017/03/31 v1.3 programming setup (MH)
)
LaTeX Info: Thecontrolsequence`\('isalreadyrobust on input line 129.
LaTeX Info: Thecontrolsequence`\)'isalreadyrobust on input line 129.
LaTeX Info: Thecontrolsequence`\['isalreadyrobust on input line 129.
LaTeX Info: Thecontrolsequence`\]'isalreadyrobust on input line 129.
\g_MT_multlinerow_int=\count170
\l_MT_multwidth_dim=\dimen267
\origjot=\skip79
\l_MT_shortvdotswithinadjustabove_dim=\dimen268
\l_MT_shortvdotswithinadjustbelow_dim=\dimen269
\l_MT_above_intertext_sep=\dimen270
\l_MT_below_intertext_sep=\dimen271
\l_MT_above_shortintertext_sep=\dimen272
\l_MT_below_shortintertext_sep=\dimen273
) (c:/texlive/2018/texmf-dist/tex/latex/todonotes/todonotes.sty
Package: todonotes 2018/11/22 v1.1.1 Todonotes source and documentation.
Package: todonotes 2018/11/22
 (c:/texlive/2018/texmf-dist/tex/latex/pgf/frontendlayer/tikz.sty (c:/texlive/2018/texmf-dist/tex/latex/pgf/basiclayer/pgf.sty
Package: pgf 2015/08/07 v3.0.1a (rcs-revision 1.15)
 (c:/texlive/2018/texmf-dist/tex/generic/pgf/modules/pgfmoduleshapes.code.tex
File: pgfmoduleshapes.code.tex 2014/03/21  (rcs-revision 1.35)
\pgfnodeparttextbox=\box64
) (c:/texlive/2018/texmf-dist/tex/generic/pgf/modules/pgfmoduleplot.code.tex
File: pgfmoduleplot.code.tex 2015/08/03  (rcs-revision 1.13)
) (c:/texlive/2018/texmf-dist/tex/latex/pgf/compatibility/pgfcomp-version-0-65.sty
Package: pgfcomp-version-0-65 2007/07/03 v3.0.1a (rcs-revision 1.7)
\pgf@nodesepstart=\dimen274
\pgf@nodesepend=\dimen275
) (c:/texlive/2018/texmf-dist/tex/latex/pgf/compatibility/pgfcomp-version-1-18.sty
Package: pgfcomp-version-1-18 2007/07/23 v3.0.1a (rcs-revision 1.1)
)) (c:/texlive/2018/texmf-dist/tex/latex/pgf/utilities/pgffor.sty (c:/texlive/2018/texmf-dist/tex/latex/pgf/utilities/pgfkeys.sty (c:/texlive/2018/texmf-dist/tex/generic/pgf/utilities/pgfkeys.code.tex)) (c:/texlive/2018/texmf-dist/tex/latex/pgf/math/pgfmath.sty (c:/texlive/2018/texmf-dist/tex/generic/pgf/math/pgfmath.code.tex)) (c:/texlive/2018/texmf-dist/tex/generic/pgf/utilities/pgffor.code.tex
Package: pgffor 2013/12/13 v3.0.1a (rcs-revision 1.25)
 (c:/texlive/2018/texmf-dist/tex/generic/pgf/math/pgfmath.code.tex)
\pgffor@iter=\dimen276
\pgffor@skip=\dimen277
\pgffor@stack=\toks53
\pgffor@toks=\toks54
)) (c:/texlive/2018/texmf-dist/tex/generic/pgf/frontendlayer/tikz/tikz.code.tex
Package: tikz 2015/08/07 v3.0.1a (rcs-revision 1.151)
 (c:/texlive/2018/texmf-dist/tex/generic/pgf/libraries/pgflibraryplothandlers.code.tex
File: pgflibraryplothandlers.code.tex 2013/08/31 v3.0.1a (rcs-revision 1.20)
\pgf@plot@mark@count=\count171
\pgfplotmarksize=\dimen278
)
\tikz@lastx=\dimen279
\tikz@lasty=\dimen280
\tikz@lastxsaved=\dimen281
\tikz@lastysaved=\dimen282
\tikzleveldistance=\dimen283
\tikzsiblingdistance=\dimen284
\tikz@figbox=\box65
\tikz@figbox@bg=\box66
\tikz@tempbox=\box67
\tikz@tempbox@bg=\box68
\tikztreelevel=\count172
\tikznumberofchildren=\count173
\tikznumberofcurrentchild=\count174
\tikz@fig@count=\count175
 (c:/texlive/2018/texmf-dist/tex/generic/pgf/modules/pgfmodulematrix.code.tex
File: pgfmodulematrix.code.tex 2013/09/17  (rcs-revision 1.8)
\pgfmatrixcurrentrow=\count176
\pgfmatrixcurrentcolumn=\count177
\pgf@matrix@numberofcolumns=\count178
)
\tikz@expandcount=\count179
 (c:/texlive/2018/texmf-dist/tex/generic/pgf/frontendlayer/tikz/libraries/tikzlibrarytopaths.code.tex
File: tikzlibrarytopaths.code.tex 2008/06/17 v3.0.1a (rcs-revision 1.2)
))) (c:/texlive/2018/texmf-dist/tex/generic/pgf/frontendlayer/tikz/libraries/tikzlibrarypositioning.code.tex
File: tikzlibrarypositioning.code.tex 2008/10/06 v3.0.1a (rcs-revision 1.7)
) (c:/texlive/2018/texmf-dist/tex/generic/pgf/frontendlayer/tikz/libraries/tikzlibraryshadows.code.tex
File: tikzlibraryshadows.code.tex 2008/01/13 v3.0.1a (rcs-revision 1.3)
 (c:/texlive/2018/texmf-dist/tex/generic/pgf/frontendlayer/tikz/libraries/tikzlibraryfadings.code.tex
File: tikzlibraryfadings.code.tex 2009/11/15 v3.0.1a (rcs-revision 1.2)
 (c:/texlive/2018/texmf-dist/tex/generic/pgf/libraries/pgflibraryfadings.code.tex
File: pgflibraryfadings.code.tex 2008/02/07 v3.0.1a (rcs-revision 1.3)
)))
\c@@todonotes@numberoftodonotes=\count180
) (c:/ws/schema-annotation-workspace/schema_annotation/shcema-annotation-latex-workspace/Challenge presentation/schema-linking-challenge-presentation.aux

LaTeX Warning: Label `fig:your-figure2' multiply defined.


LaTeX Warning: Label `fig:your-figure2' multiply defined.


LaTeX Warning: Label `fig:your-figure2' multiply defined.


LaTeX Warning: Label `fig:your-figure2' multiply defined.


LaTeX Warning: Label `fig:your-figure2' multiply defined.

)
\openout1 = `schema-linking-challenge-presentation.aux'.

LaTeX Font Info:    Checking defaults for OML/cmm/m/it on input line 59.
LaTeX Font Info:    ... okay on input line 59.
LaTeX Font Info:    Checking defaults for T1/cmr/m/n on input line 59.
LaTeX Font Info:    ... okay on input line 59.
LaTeX Font Info:    Checking defaults for OT1/cmr/m/n on input line 59.
LaTeX Font Info:    ... okay on input line 59.
LaTeX Font Info:    Checking defaults for OMS/cmsy/m/n on input line 59.
LaTeX Font Info:    ... okay on input line 59.
LaTeX Font Info:    Checking defaults for OMX/cmex/m/n on input line 59.
LaTeX Font Info:    ... okay on input line 59.
LaTeX Font Info:    Checking defaults for U/cmr/m/n on input line 59.
LaTeX Font Info:    ... okay on input line 59.
LaTeX Font Info:    Checking defaults for PD1/pdf/m/n on input line 59.
LaTeX Font Info:    ... okay on input line 59.

*geometry* driver: auto-detecting
*geometry* detected driver: pdftex
*geometry* verbose mode - [ preamble ] result:
* driver: pdftex
* paper: custom
* layout: <same size as paper>
* layoutoffset:(h,v)=(0.0pt,0.0pt)
* modes: includehead includefoot 
* h-part:(L,W,R)=(28.45274pt, 307.28987pt, 28.45274pt)
* v-part:(T,H,B)=(0.0pt, 273.14662pt, 0.0pt)
* \paperwidth=364.19536pt
* \paperheight=273.14662pt
* \textwidth=307.28987pt
* \textheight=244.6939pt
* \oddsidemargin=-43.81725pt
* \evensidemargin=-43.81725pt
* \topmargin=-72.26999pt
* \headheight=14.22636pt
* \headsep=0.0pt
* \topskip=11.0pt
* \footskip=14.22636pt
* \marginparwidth=4.0pt
* \marginparsep=10.0pt
* \columnsep=10.0pt
* \skip\footins=10.0pt plus 4.0pt minus 2.0pt
* \hoffset=0.0pt
* \voffset=0.0pt
* \mag=1000
* \@twocolumnfalse
* \@twosidefalse
* \@mparswitchfalse
* \@reversemarginfalse
* (1in=72.27pt=25.4mm, 1cm=28.453pt)

(c:/texlive/2018/texmf-dist/tex/context/base/mkii/supp-pdf.mkii
[Loading MPS to PDF converter (version 2006.09.02).]
\scratchcounter=\count181
\scratchdimen=\dimen285
\scratchbox=\box69
\nofMPsegments=\count182
\nofMParguments=\count183
\everyMPshowfont=\toks55
\MPscratchCnt=\count184
\MPscratchDim=\dimen286
\MPnumerator=\count185
\makeMPintoPDFobject=\count186
\everyMPtoPDFconversion=\toks56
) (c:/texlive/2018/texmf-dist/tex/latex/oberdiek/epstopdf-base.sty
Package: epstopdf-base 2016/05/15 v2.6 Base part for package epstopdf
 (c:/texlive/2018/texmf-dist/tex/latex/oberdiek/grfext.sty
Package: grfext 2016/05/16 v1.2 Manage graphics extensions (HO)
)
Package epstopdf-base Info: Redefining graphics rule for `.eps' on input line 438.
Package grfext Info: Graphics extension search list:
(grfext)             [.pdf,.png,.jpg,.mps,.jpeg,.jbig2,.jb2,.PDF,.PNG,.JPG,.JPEG,.JBIG2,.JB2,.eps]
(grfext)             \AppendGraphicsExtensions on input line 456.
 (c:/texlive/2018/texmf-dist/tex/latex/latexconfig/epstopdf-sys.cfg
File: epstopdf-sys.cfg 2010/07/13 v1.3 Configuration of (r)epstopdf for TeX Live
)) ABD: EveryShipout initializing macros
\AtBeginShipoutBox=\box70
Package hyperref Info: Link coloring OFF on input line 59.
 (c:/texlive/2018/texmf-dist/tex/latex/hyperref/nameref.sty
Package: nameref 2016/05/21 v2.44 Cross-referencing by name of section
 (c:/texlive/2018/texmf-dist/tex/generic/oberdiek/gettitlestring.sty
Package: gettitlestring 2016/05/16 v1.5 Cleanup title references (HO)
)
\c@section@level=\count187
)
LaTeX Info: Redefining \ref on input line 59.
LaTeX Info: Redefining \pageref on input line 59.
LaTeX Info: Redefining \nameref on input line 59.
 (c:/ws/schema-annotation-workspace/schema_annotation/shcema-annotation-latex-workspace/Challenge presentation/schema-linking-challenge-presentation.out) (c:/ws/schema-annotation-workspace/schema_annotation/shcema-annotation-latex-workspace/Challenge presentation/schema-linking-challenge-presentation.out)
\@outlinefile=\write5
\openout5 = `schema-linking-challenge-presentation.out'.

LaTeX Font Info:    Overwriting symbol font `operators' in version `normal'
(Font)                  OT1/cmr/m/n --> OT1/cmss/m/n on input line 59.
LaTeX Font Info:    Overwriting symbol font `operators' in version `bold'
(Font)                  OT1/cmr/bx/n --> OT1/cmss/bx/n on input line 59.
\symnumbers=\mathgroup6
\sympureletters=\mathgroup7
LaTeX Font Info:    Overwriting math alphabet `\mathrm' in version `normal'
(Font)                  OT1/cmss/m/n --> OT1/cmr/m/n on input line 59.
LaTeX Font Info:    Redeclaring math alphabet \mathbf on input line 59.
LaTeX Font Info:    Overwriting math alphabet `\mathbf' in version `normal'
(Font)                  OT1/cmr/bx/n --> OT1/cmss/bx/n on input line 59.
LaTeX Font Info:    Overwriting math alphabet `\mathbf' in version `bold'
(Font)                  OT1/cmr/bx/n --> OT1/cmss/bx/n on input line 59.
LaTeX Font Info:    Redeclaring math alphabet \mathsf on input line 59.
LaTeX Font Info:    Overwriting math alphabet `\mathsf' in version `normal'
(Font)                  OT1/cmss/m/n --> OT1/cmss/m/n on input line 59.
LaTeX Font Info:    Overwriting math alphabet `\mathsf' in version `bold'
(Font)                  OT1/cmss/bx/n --> OT1/cmss/m/n on input line 59.
LaTeX Font Info:    Redeclaring math alphabet \mathit on input line 59.
LaTeX Font Info:    Overwriting math alphabet `\mathit' in version `normal'
(Font)                  OT1/cmr/m/it --> OT1/cmss/m/it on input line 59.
LaTeX Font Info:    Overwriting math alphabet `\mathit' in version `bold'
(Font)                  OT1/cmr/bx/it --> OT1/cmss/m/it on input line 59.
LaTeX Font Info:    Redeclaring math alphabet \mathtt on input line 59.
LaTeX Font Info:    Overwriting math alphabet `\mathtt' in version `normal'
(Font)                  OT1/cmtt/m/n --> OT1/cmtt/m/n on input line 59.
LaTeX Font Info:    Overwriting math alphabet `\mathtt' in version `bold'
(Font)                  OT1/cmtt/m/n --> OT1/cmtt/m/n on input line 59.
LaTeX Font Info:    Overwriting symbol font `numbers' in version `bold'
(Font)                  OT1/cmss/m/n --> OT1/cmss/bx/n on input line 59.
LaTeX Font Info:    Overwriting symbol font `pureletters' in version `bold'
(Font)                  OT1/cmss/m/it --> OT1/cmss/bx/it on input line 59.
LaTeX Font Info:    Overwriting math alphabet `\mathrm' in version `bold'
(Font)                  OT1/cmss/bx/n --> OT1/cmr/bx/n on input line 59.
LaTeX Font Info:    Overwriting math alphabet `\mathbf' in version `bold'
(Font)                  OT1/cmss/bx/n --> OT1/cmss/bx/n on input line 59.
LaTeX Font Info:    Overwriting math alphabet `\mathsf' in version `bold'
(Font)                  OT1/cmss/m/n --> OT1/cmss/bx/n on input line 59.
LaTeX Font Info:    Overwriting math alphabet `\mathit' in version `bold'
(Font)                  OT1/cmss/m/it --> OT1/cmss/bx/it on input line 59.
LaTeX Font Info:    Overwriting math alphabet `\mathtt' in version `bold'
(Font)                  OT1/cmtt/m/n --> OT1/cmtt/bx/n on input line 59.
LaTeX Font Info:    Redeclaring symbol font `pureletters' on input line 59.
LaTeX Font Info:    Overwriting symbol font `pureletters' in version `normal'
(Font)                  OT1/cmss/m/it --> OT1/mathkerncmss/m/sl on input line 59.
LaTeX Font Info:    Overwriting symbol font `pureletters' in version `bold'
(Font)                  OT1/cmss/bx/it --> OT1/mathkerncmss/m/sl on input line 59.
LaTeX Font Info:    Overwriting symbol font `pureletters' in version `bold'
(Font)                  OT1/mathkerncmss/m/sl --> OT1/mathkerncmss/bx/sl on input line 59.
 (c:/texlive/2018/texmf-dist/tex/latex/translator/translator-basic-dictionary-English.dict
Dictionary: translator-basic-dictionary, Language: English 
) (c:/texlive/2018/texmf-dist/tex/latex/translator/translator-bibliography-dictionary-English.dict
Dictionary: translator-bibliography-dictionary, Language: English 
) (c:/texlive/2018/texmf-dist/tex/latex/translator/translator-environment-dictionary-English.dict
Dictionary: translator-environment-dictionary, Language: English 
) (c:/texlive/2018/texmf-dist/tex/latex/translator/translator-months-dictionary-English.dict
Dictionary: translator-months-dictionary, Language: English 
) (c:/texlive/2018/texmf-dist/tex/latex/translator/translator-numbers-dictionary-English.dict
Dictionary: translator-numbers-dictionary, Language: English 
) (c:/texlive/2018/texmf-dist/tex/latex/translator/translator-theorem-dictionary-English.dict
Dictionary: translator-theorem-dictionary, Language: English 
) (c:/texlive/2018/texmf-dist/tex/latex/ucs/ucsencs.def
File: ucsencs.def 2011/01/21 Fixes to fontencodings LGR, T3
)
Package caption Info: Begin \AtBeginDocument code.
Package caption Info: End \AtBeginDocument code.


Package todonotes Warning: The length marginparwidth is less than 2cm and will most likely cause issues with the appearance of inserted todonotes. The issue can be solved by adding a line like \setlength {\marginparwidth }{2cm} prior to loading the todonotes package. on input line 59.

(c:/ws/schema-annotation-workspace/schema_annotation/shcema-annotation-latex-workspace/Challenge presentation/schema-linking-challenge-presentation.nav)
<images/Logo_Universita_Milano-Bicocca.jpg, id=46, 99.7326pt x 106.7187pt>
File: images/Logo_Universita_Milano-Bicocca.jpg Graphic file (type jpg)
<use images/Logo_Universita_Milano-Bicocca.jpg>
Package pdftex.def Info: images/Logo_Universita_Milano-Bicocca.jpg  used on input line 64.
(pdftex.def)             Requested size: 19.94159pt x 21.33955pt.
 [1

{c:/texlive/2018/texmf-var/fonts/map/pdftex/updmap/pdftex.map} <c:/ws/schema-annotation-workspace/schema_annotation/shcema-annotation-latex-workspace/Challenge presentation/images/Logo_Universita_Milano-Bicocca.jpg>]
File: images/Logo_Universita_Milano-Bicocca.jpg Graphic file (type jpg)
<use images/Logo_Universita_Milano-Bicocca.jpg>
Package pdftex.def Info: images/Logo_Universita_Milano-Bicocca.jpg  used on input line 74.
(pdftex.def)             Requested size: 19.94159pt x 21.33955pt.
 [2

]
File: images/Logo_Universita_Milano-Bicocca.jpg Graphic file (type jpg)
<use images/Logo_Universita_Milano-Bicocca.jpg>
Package pdftex.def Info: images/Logo_Universita_Milano-Bicocca.jpg  used on input line 89.
(pdftex.def)             Requested size: 19.94159pt x 21.33955pt.
 [3

]
<images/Formalization_diagram.png, id=77, 641.9985pt x 152.9715pt>
File: images/Formalization_diagram.png Graphic file (type png)
<use images/Formalization_diagram.png>
Package pdftex.def Info: images/Formalization_diagram.png  used on input line 98.
(pdftex.def)             Requested size: 312.9803pt x 74.5762pt.

Overfull \hbox (5.69043pt too wide) in paragraph at lines 98--98
 [] 
 []

File: images/Logo_Universita_Milano-Bicocca.jpg Graphic file (type jpg)
<use images/Logo_Universita_Milano-Bicocca.jpg>
Package pdftex.def Info: images/Logo_Universita_Milano-Bicocca.jpg  used on input line 98.
(pdftex.def)             Requested size: 19.94159pt x 21.33955pt.
[4

 <c:/ws/schema-annotation-workspace/schema_annotation/shcema-annotation-latex-workspace/Challenge presentation/images/Formalization_diagram.png>]
LaTeX Font Info:    Try loading font information for U+msa on input line 109.
 (c:/texlive/2018/texmf-dist/tex/latex/amsfonts/umsa.fd
File: umsa.fd 2013/01/14 v3.01 AMS symbols A
)
LaTeX Font Info:    Try loading font information for U+msb on input line 109.
 (c:/texlive/2018/texmf-dist/tex/latex/amsfonts/umsb.fd
File: umsb.fd 2013/01/14 v3.01 AMS symbols B
)
LaTeX Font Info:    Try loading font information for OT1+mathkerncmss on input line 109.
 (c:/texlive/2018/texmf-dist/tex/latex/sansmathaccent/ot1mathkerncmss.fd
File: ot1mathkerncmss.fd 2013/03/27 Fontinst v1.933 font definitions for OT1/mathkerncmss.
)
File: images/Logo_Universita_Milano-Bicocca.jpg Graphic file (type jpg)
<use images/Logo_Universita_Milano-Bicocca.jpg>
Package pdftex.def Info: images/Logo_Universita_Milano-Bicocca.jpg  used on input line 109.
(pdftex.def)             Requested size: 19.94159pt x 21.33955pt.
 [5

]
File: images/Logo_Universita_Milano-Bicocca.jpg Graphic file (type jpg)
<use images/Logo_Universita_Milano-Bicocca.jpg>
Package pdftex.def Info: images/Logo_Universita_Milano-Bicocca.jpg  used on input line 123.
(pdftex.def)             Requested size: 19.94159pt x 21.33955pt.
 [6

] (c:/texlive/2018/texmf-dist/tex/latex/ucs/data/uni-32.def
File: uni-32.def 2013/05/13 UCS: Unicode data U+2000..U+20FF
)
File: images/Logo_Universita_Milano-Bicocca.jpg Graphic file (type jpg)
<use images/Logo_Universita_Milano-Bicocca.jpg>
Package pdftex.def Info: images/Logo_Universita_Milano-Bicocca.jpg  used on input line 140.
(pdftex.def)             Requested size: 19.94159pt x 21.33955pt.
 [7

]

LaTeX Warning: Citation `SHI2016123' on page 8 undefined on input line 155.

File: images/Logo_Universita_Milano-Bicocca.jpg Graphic file (type jpg)
<use images/Logo_Universita_Milano-Bicocca.jpg>
Package pdftex.def Info: images/Logo_Universita_Milano-Bicocca.jpg  used on input line 155.
(pdftex.def)             Requested size: 19.94159pt x 21.33955pt.
[8

]
File: images/Logo_Universita_Milano-Bicocca.jpg Graphic file (type jpg)
<use images/Logo_Universita_Milano-Bicocca.jpg>
Package pdftex.def Info: images/Logo_Universita_Milano-Bicocca.jpg  used on input line 170.
(pdftex.def)             Requested size: 19.94159pt x 21.33955pt.
 [9

]
File: images/Logo_Universita_Milano-Bicocca.jpg Graphic file (type jpg)
<use images/Logo_Universita_Milano-Bicocca.jpg>
Package pdftex.def Info: images/Logo_Universita_Milano-Bicocca.jpg  used on input line 192.
(pdftex.def)             Requested size: 19.94159pt x 21.33955pt.
 [10

]
File: images/Logo_Universita_Milano-Bicocca.jpg Graphic file (type jpg)
<use images/Logo_Universita_Milano-Bicocca.jpg>
Package pdftex.def Info: images/Logo_Universita_Milano-Bicocca.jpg  used on input line 208.
(pdftex.def)             Requested size: 19.94159pt x 21.33955pt.
 [11

]
File: images/Logo_Universita_Milano-Bicocca.jpg Graphic file (type jpg)
<use images/Logo_Universita_Milano-Bicocca.jpg>
Package pdftex.def Info: images/Logo_Universita_Milano-Bicocca.jpg  used on input line 224.
(pdftex.def)             Requested size: 19.94159pt x 21.33955pt.
 [12

]
File: images/Logo_Universita_Milano-Bicocca.jpg Graphic file (type jpg)
<use images/Logo_Universita_Milano-Bicocca.jpg>
Package pdftex.def Info: images/Logo_Universita_Milano-Bicocca.jpg  used on input line 239.
(pdftex.def)             Requested size: 19.94159pt x 21.33955pt.
 [13

] (c:/texlive/2018/texmf-dist/tex/generic/pgf/frontendlayer/tikz/libraries/tikzlibraryarrows.code.tex
File: tikzlibraryarrows.code.tex 2008/01/09 v3.0.1a (rcs-revision 1.1)
 (c:/texlive/2018/texmf-dist/tex/generic/pgf/libraries/pgflibraryarrows.code.tex
File: pgflibraryarrows.code.tex 2013/09/23 v3.0.1a (rcs-revision 1.16)
\arrowsize=\dimen287
)) (c:/texlive/2018/texmf-dist/tex/generic/pgf/frontendlayer/tikz/libraries/tikzlibraryautomata.code.tex
File: tikzlibraryautomata.code.tex 2008/07/14 v3.0.1a (rcs-revision 1.3)
 (c:/texlive/2018/texmf-dist/tex/generic/pgf/frontendlayer/tikz/libraries/tikzlibraryshapes.multipart.code.tex
File: tikzlibraryshapes.multipart.code.tex 2008/01/09 v3.0.1a (rcs-revision 1.1)
 (c:/texlive/2018/texmf-dist/tex/generic/pgf/libraries/shapes/pgflibraryshapes.multipart.code.tex
File: pgflibraryshapes.multipart.code.tex 2010/01/07 v3.0.1a (rcs-revision 1.2)
\pgfnodepartlowerbox=\box71
\pgfnodeparttwobox=\box72
\pgfnodepartthreebox=\box73
\pgfnodepartfourbox=\box74
\pgfnodeparttwentybox=\box75
\pgfnodepartnineteenbox=\box76
\pgfnodeparteighteenbox=\box77
\pgfnodepartseventeenbox=\box78
\pgfnodepartsixteenbox=\box79
\pgfnodepartfifteenbox=\box80
\pgfnodepartfourteenbox=\box81
\pgfnodepartthirteenbox=\box82
\pgfnodeparttwelvebox=\box83
\pgfnodepartelevenbox=\box84
\pgfnodeparttenbox=\box85
\pgfnodepartninebox=\box86
\pgfnodeparteightbox=\box87
\pgfnodepartsevenbox=\box88
\pgfnodepartsixbox=\box89
\pgfnodepartfivebox=\box90
)))
File: images/Logo_Universita_Milano-Bicocca.jpg Graphic file (type jpg)
<use images/Logo_Universita_Milano-Bicocca.jpg>
Package pdftex.def Info: images/Logo_Universita_Milano-Bicocca.jpg  used on input line 267.
(pdftex.def)             Requested size: 19.94159pt x 21.33955pt.
 [14

]
File: images/Logo_Universita_Milano-Bicocca.jpg Graphic file (type jpg)
<use images/Logo_Universita_Milano-Bicocca.jpg>
Package pdftex.def Info: images/Logo_Universita_Milano-Bicocca.jpg  used on input line 296.
(pdftex.def)             Requested size: 19.94159pt x 21.33955pt.
 [15

]
File: images/Logo_Universita_Milano-Bicocca.jpg Graphic file (type jpg)
<use images/Logo_Universita_Milano-Bicocca.jpg>
Package pdftex.def Info: images/Logo_Universita_Milano-Bicocca.jpg  used on input line 303.
(pdftex.def)             Requested size: 19.94159pt x 21.33955pt.
 [16

]
File: images/Logo_Universita_Milano-Bicocca.jpg Graphic file (type jpg)
<use images/Logo_Universita_Milano-Bicocca.jpg>
Package pdftex.def Info: images/Logo_Universita_Milano-Bicocca.jpg  used on input line 310.
(pdftex.def)             Requested size: 19.94159pt x 21.33955pt.
 [17

]
Overfull \hbox (69.30554pt too wide) detected at line 331
[]
 []

File: images/Logo_Universita_Milano-Bicocca.jpg Graphic file (type jpg)
<use images/Logo_Universita_Milano-Bicocca.jpg>
Package pdftex.def Info: images/Logo_Universita_Milano-Bicocca.jpg  used on input line 331.
(pdftex.def)             Requested size: 19.94159pt x 21.33955pt.
[18

]
File: images/Logo_Universita_Milano-Bicocca.jpg Graphic file (type jpg)
<use images/Logo_Universita_Milano-Bicocca.jpg>
Package pdftex.def Info: images/Logo_Universita_Milano-Bicocca.jpg  used on input line 338.
(pdftex.def)             Requested size: 19.94159pt x 21.33955pt.
 [19

]
<images/diagrams2.png, id=196, 581.7735pt x 66.84975pt>
File: images/diagrams2.png Graphic file (type png)
<use images/diagrams2.png>
Package pdftex.def Info: images/diagrams2.png  used on input line 346.
(pdftex.def)             Requested size: 284.52756pt x 32.69443pt.
pdfTeX warning (ext4): destination with the same identifier (name{fig:your-figure2}) has been already used, duplicate ignored
<to be read again> 
                   \relax 
l.346 \end{frame}
                 
File: images/Logo_Universita_Milano-Bicocca.jpg Graphic file (type jpg)
<use images/Logo_Universita_Milano-Bicocca.jpg>
Package pdftex.def Info: images/Logo_Universita_Milano-Bicocca.jpg  used on input line 346.
(pdftex.def)             Requested size: 19.94159pt x 21.33955pt.
 [20

 <c:/ws/schema-annotation-workspace/schema_annotation/shcema-annotation-latex-workspace/Challenge presentation/images/diagrams2.png>]
<images/diagrams.png, id=204, 607.068pt x 125.268pt>
File: images/diagrams.png Graphic file (type png)
<use images/diagrams.png>
Package pdftex.def Info: images/diagrams.png  used on input line 353.
(pdftex.def)             Requested size: 312.9803pt x 64.5835pt.

Overfull \hbox (5.69043pt too wide) in paragraph at lines 353--353
 [] 
 []

pdfTeX warning (ext4): destination with the same identifier (name{fig:your-figure2}) has been already used, duplicate ignored
<to be read again> 
                   \relax 
l.353 \end{frame}
                 
File: images/Logo_Universita_Milano-Bicocca.jpg Graphic file (type jpg)
<use images/Logo_Universita_Milano-Bicocca.jpg>
Package pdftex.def Info: images/Logo_Universita_Milano-Bicocca.jpg  used on input line 353.
(pdftex.def)             Requested size: 19.94159pt x 21.33955pt.
 [21

 <c:/ws/schema-annotation-workspace/schema_annotation/shcema-annotation-latex-workspace/Challenge presentation/images/diagrams.png>]
<images/header-candidate.png, id=212, 265.59225pt x 38.544pt>
File: images/header-candidate.png Graphic file (type png)
<use images/header-candidate.png>
Package pdftex.def Info: images/header-candidate.png  used on input line 373.
(pdftex.def)             Requested size: 113.81102pt x 16.51712pt.
<images/diagrams-candidate.png, id=213, 581.7735pt x 66.84975pt>
File: images/diagrams-candidate.png Graphic file (type png)
<use images/diagrams-candidate.png>
Package pdftex.def Info: images/diagrams-candidate.png  used on input line 373.
(pdftex.def)             Requested size: 284.52756pt x 32.69443pt.
File: images/Logo_Universita_Milano-Bicocca.jpg Graphic file (type jpg)
<use images/Logo_Universita_Milano-Bicocca.jpg>
Package pdftex.def Info: images/Logo_Universita_Milano-Bicocca.jpg  used on input line 373.
(pdftex.def)             Requested size: 19.94159pt x 21.33955pt.
 [22

 <c:/ws/schema-annotation-workspace/schema_annotation/shcema-annotation-latex-workspace/Challenge presentation/images/diagrams-candidate.png> <c:/ws/schema-annotation-workspace/schema_annotation/shcema-annotation-latex-workspace/Challenge presentation/images/header-candidate.png>]
File: images/header-candidate.png Graphic file (type png)
<use images/header-candidate.png>
Package pdftex.def Info: images/header-candidate.png  used on input line 385.
(pdftex.def)             Requested size: 113.81102pt x 16.51712pt.
<images/uml-types-diagram.png, id=222, 752.21025pt x 495.65175pt>
File: images/uml-types-diagram.png Graphic file (type png)
<use images/uml-types-diagram.png>
Package pdftex.def Info: images/uml-types-diagram.png  used on input line 385.
(pdftex.def)             Requested size: 284.52756pt x 187.48743pt.

Overfull \vbox (3.19995pt too high) detected at line 385
 []

File: images/Logo_Universita_Milano-Bicocca.jpg Graphic file (type jpg)
<use images/Logo_Universita_Milano-Bicocca.jpg>
Package pdftex.def Info: images/Logo_Universita_Milano-Bicocca.jpg  used on input line 385.
(pdftex.def)             Requested size: 19.94159pt x 21.33955pt.
[23

 <c:/ws/schema-annotation-workspace/schema_annotation/shcema-annotation-latex-workspace/Challenge presentation/images/uml-types-diagram.png>]
File: images/header-candidate.png Graphic file (type png)
<use images/header-candidate.png>
Package pdftex.def Info: images/header-candidate.png  used on input line 397.
(pdftex.def)             Requested size: 113.81102pt x 16.51712pt.
File: images/Logo_Universita_Milano-Bicocca.jpg Graphic file (type jpg)
<use images/Logo_Universita_Milano-Bicocca.jpg>
Package pdftex.def Info: images/Logo_Universita_Milano-Bicocca.jpg  used on input line 397.
(pdftex.def)             Requested size: 19.94159pt x 21.33955pt.
 [24

]
File: images/header-candidate.png Graphic file (type png)
<use images/header-candidate.png>
Package pdftex.def Info: images/header-candidate.png  used on input line 409.
(pdftex.def)             Requested size: 113.81102pt x 16.51712pt.
File: images/Logo_Universita_Milano-Bicocca.jpg Graphic file (type jpg)
<use images/Logo_Universita_Milano-Bicocca.jpg>
Package pdftex.def Info: images/Logo_Universita_Milano-Bicocca.jpg  used on input line 409.
(pdftex.def)             Requested size: 19.94159pt x 21.33955pt.
 [25

]
<images/header-graph.png, id=243, 265.59225pt x 38.544pt>
File: images/header-graph.png Graphic file (type png)
<use images/header-graph.png>
Package pdftex.def Info: images/header-graph.png  used on input line 421.
(pdftex.def)             Requested size: 113.81102pt x 16.51712pt.
<images/diagrams-graph.png, id=244, 581.7735pt x 66.84975pt>
File: images/diagrams-graph.png Graphic file (type png)
<use images/diagrams-graph.png>
Package pdftex.def Info: images/diagrams-graph.png  used on input line 421.
(pdftex.def)             Requested size: 284.52756pt x 32.69443pt.
File: images/Logo_Universita_Milano-Bicocca.jpg Graphic file (type jpg)
<use images/Logo_Universita_Milano-Bicocca.jpg>
Package pdftex.def Info: images/Logo_Universita_Milano-Bicocca.jpg  used on input line 421.
(pdftex.def)             Requested size: 19.94159pt x 21.33955pt.
 [26

 <c:/ws/schema-annotation-workspace/schema_annotation/shcema-annotation-latex-workspace/Challenge presentation/images/diagrams-graph.png> <c:/ws/schema-annotation-workspace/schema_annotation/shcema-annotation-latex-workspace/Challenge presentation/images/header-graph.png>]
File: images/header-graph.png Graphic file (type png)
<use images/header-graph.png>
Package pdftex.def Info: images/header-graph.png  used on input line 433.
(pdftex.def)             Requested size: 113.81102pt x 16.51712pt.
<images/uml-graph-diagram.png, id=253, 286.06876pt x 355.92975pt>
File: images/uml-graph-diagram.png Graphic file (type png)
<use images/uml-graph-diagram.png>
Package pdftex.def Info: images/uml-graph-diagram.png  used on input line 433.
(pdftex.def)             Requested size: 284.52756pt x 354.01715pt.

Overfull \vbox (168.36093pt too high) detected at line 433
 []

File: images/Logo_Universita_Milano-Bicocca.jpg Graphic file (type jpg)
<use images/Logo_Universita_Milano-Bicocca.jpg>
Package pdftex.def Info: images/Logo_Universita_Milano-Bicocca.jpg  used on input line 433.
(pdftex.def)             Requested size: 19.94159pt x 21.33955pt.
[27

 <c:/ws/schema-annotation-workspace/schema_annotation/shcema-annotation-latex-workspace/Challenge presentation/images/uml-graph-diagram.png>]
File: images/header-graph.png Graphic file (type png)
<use images/header-graph.png>
Package pdftex.def Info: images/header-graph.png  used on input line 443.
(pdftex.def)             Requested size: 113.81102pt x 16.51712pt.
File: images/Logo_Universita_Milano-Bicocca.jpg Graphic file (type jpg)
<use images/Logo_Universita_Milano-Bicocca.jpg>
Package pdftex.def Info: images/Logo_Universita_Milano-Bicocca.jpg  used on input line 443.
(pdftex.def)             Requested size: 19.94159pt x 21.33955pt.
 [28

]
File: images/header-graph.png Graphic file (type png)
<use images/header-graph.png>
Package pdftex.def Info: images/header-graph.png  used on input line 452.
(pdftex.def)             Requested size: 113.81102pt x 16.51712pt.
File: images/Logo_Universita_Milano-Bicocca.jpg Graphic file (type jpg)
<use images/Logo_Universita_Milano-Bicocca.jpg>
Package pdftex.def Info: images/Logo_Universita_Milano-Bicocca.jpg  used on input line 452.
(pdftex.def)             Requested size: 19.94159pt x 21.33955pt.
 [29

]
<images/header-rank-triples.png, id=273, 265.59225pt x 37.94176pt>
File: images/header-rank-triples.png Graphic file (type png)
<use images/header-rank-triples.png>
Package pdftex.def Info: images/header-rank-triples.png  used on input line 463.
(pdftex.def)             Requested size: 113.81102pt x 16.25905pt.
<images/diagrams-rank-scorer.png, id=274, 581.7735pt x 66.84975pt>
File: images/diagrams-rank-scorer.png Graphic file (type png)
<use images/diagrams-rank-scorer.png>
Package pdftex.def Info: images/diagrams-rank-scorer.png  used on input line 463.
(pdftex.def)             Requested size: 284.52756pt x 32.69443pt.
File: images/Logo_Universita_Milano-Bicocca.jpg Graphic file (type jpg)
<use images/Logo_Universita_Milano-Bicocca.jpg>
Package pdftex.def Info: images/Logo_Universita_Milano-Bicocca.jpg  used on input line 463.
(pdftex.def)             Requested size: 19.94159pt x 21.33955pt.
 [30

 <c:/ws/schema-annotation-workspace/schema_annotation/shcema-annotation-latex-workspace/Challenge presentation/images/diagrams-rank-scorer.png> <c:/ws/schema-annotation-workspace/schema_annotation/shcema-annotation-latex-workspace/Challenge presentation/images/header-rank-triples.png>]
File: images/header-rank-triples.png Graphic file (type png)
<use images/header-rank-triples.png>
Package pdftex.def Info: images/header-rank-triples.png  used on input line 471.
(pdftex.def)             Requested size: 113.81102pt x 16.25905pt.
File: images/Logo_Universita_Milano-Bicocca.jpg Graphic file (type jpg)
<use images/Logo_Universita_Milano-Bicocca.jpg>
Package pdftex.def Info: images/Logo_Universita_Milano-Bicocca.jpg  used on input line 471.
(pdftex.def)             Requested size: 19.94159pt x 21.33955pt.
 [31

]
File: images/header-rank-triples.png Graphic file (type png)
<use images/header-rank-triples.png>
Package pdftex.def Info: images/header-rank-triples.png  used on input line 480.
(pdftex.def)             Requested size: 113.81102pt x 16.25905pt.
File: images/Logo_Universita_Milano-Bicocca.jpg Graphic file (type jpg)
<use images/Logo_Universita_Milano-Bicocca.jpg>
Package pdftex.def Info: images/Logo_Universita_Milano-Bicocca.jpg  used on input line 480.
(pdftex.def)             Requested size: 19.94159pt x 21.33955pt.
 [32

]
File: images/header-rank-triples.png Graphic file (type png)
<use images/header-rank-triples.png>
Package pdftex.def Info: images/header-rank-triples.png  used on input line 490.
(pdftex.def)             Requested size: 113.81102pt x 16.25905pt.
File: images/Logo_Universita_Milano-Bicocca.jpg Graphic file (type jpg)
<use images/Logo_Universita_Milano-Bicocca.jpg>
Package pdftex.def Info: images/Logo_Universita_Milano-Bicocca.jpg  used on input line 490.
(pdftex.def)             Requested size: 19.94159pt x 21.33955pt.
 [33

]
<images/header-opt.png, id=302, 265.59225pt x 37.94176pt>
File: images/header-opt.png Graphic file (type png)
<use images/header-opt.png>
Package pdftex.def Info: images/header-opt.png  used on input line 501.
(pdftex.def)             Requested size: 113.81102pt x 16.25905pt.
<images/diagrams-opt.png, id=303, 581.7735pt x 66.84975pt>
File: images/diagrams-opt.png Graphic file (type png)
<use images/diagrams-opt.png>
Package pdftex.def Info: images/diagrams-opt.png  used on input line 501.
(pdftex.def)             Requested size: 284.52756pt x 32.69443pt.
pdfTeX warning (ext4): destination with the same identifier (name{fig:your-figure2}) has been already used, duplicate ignored
<to be read again> 
                   \relax 
l.501 \end{frame}
                 
File: images/Logo_Universita_Milano-Bicocca.jpg Graphic file (type jpg)
<use images/Logo_Universita_Milano-Bicocca.jpg>
Package pdftex.def Info: images/Logo_Universita_Milano-Bicocca.jpg  used on input line 501.
(pdftex.def)             Requested size: 19.94159pt x 21.33955pt.
 [34

 <c:/ws/schema-annotation-workspace/schema_annotation/shcema-annotation-latex-workspace/Challenge presentation/images/diagrams-opt.png> <c:/ws/schema-annotation-workspace/schema_annotation/shcema-annotation-latex-workspace/Challenge presentation/images/header-opt.png>]
File: images/header-opt.png Graphic file (type png)
<use images/header-opt.png>
Package pdftex.def Info: images/header-opt.png  used on input line 509.
(pdftex.def)             Requested size: 113.81102pt x 16.25905pt.
File: images/Logo_Universita_Milano-Bicocca.jpg Graphic file (type jpg)
<use images/Logo_Universita_Milano-Bicocca.jpg>
Package pdftex.def Info: images/Logo_Universita_Milano-Bicocca.jpg  used on input line 509.
(pdftex.def)             Requested size: 19.94159pt x 21.33955pt.
 [35

]
File: images/header-opt.png Graphic file (type png)
<use images/header-opt.png>
Package pdftex.def Info: images/header-opt.png  used on input line 518.
(pdftex.def)             Requested size: 113.81102pt x 16.25905pt.
File: images/Logo_Universita_Milano-Bicocca.jpg Graphic file (type jpg)
<use images/Logo_Universita_Milano-Bicocca.jpg>
Package pdftex.def Info: images/Logo_Universita_Milano-Bicocca.jpg  used on input line 518.
(pdftex.def)             Requested size: 19.94159pt x 21.33955pt.
 [36

]
File: images/header-opt.png Graphic file (type png)
<use images/header-opt.png>
Package pdftex.def Info: images/header-opt.png  used on input line 524.
(pdftex.def)             Requested size: 113.81102pt x 16.25905pt.
File: images/Logo_Universita_Milano-Bicocca.jpg Graphic file (type jpg)
<use images/Logo_Universita_Milano-Bicocca.jpg>
Package pdftex.def Info: images/Logo_Universita_Milano-Bicocca.jpg  used on input line 524.
(pdftex.def)             Requested size: 19.94159pt x 21.33955pt.
 [37

]
<images/header-rank-ontologies.png, id=332, 265.59225pt x 39.14626pt>
File: images/header-rank-ontologies.png Graphic file (type png)
<use images/header-rank-ontologies.png>
Package pdftex.def Info: images/header-rank-ontologies.png  used on input line 535.
(pdftex.def)             Requested size: 113.81102pt x 16.7752pt.
<images/diagrams-rank-ontologies.png, id=333, 581.7735pt x 66.84975pt>
File: images/diagrams-rank-ontologies.png Graphic file (type png)
<use images/diagrams-rank-ontologies.png>
Package pdftex.def Info: images/diagrams-rank-ontologies.png  used on input line 535.
(pdftex.def)             Requested size: 284.52756pt x 32.69443pt.
pdfTeX warning (ext4): destination with the same identifier (name{fig:your-figure2}) has been already used, duplicate ignored
<to be read again> 
                   \relax 
l.535 \end{frame}
                 
File: images/Logo_Universita_Milano-Bicocca.jpg Graphic file (type jpg)
<use images/Logo_Universita_Milano-Bicocca.jpg>
Package pdftex.def Info: images/Logo_Universita_Milano-Bicocca.jpg  used on input line 535.
(pdftex.def)             Requested size: 19.94159pt x 21.33955pt.
 [38

 <c:/ws/schema-annotation-workspace/schema_annotation/shcema-annotation-latex-workspace/Challenge presentation/images/diagrams-rank-ontologies.png> <c:/ws/schema-annotation-workspace/schema_annotation/shcema-annotation-latex-workspace/Challenge presentation/images/header-rank-ontologies.png>]
File: images/header-rank-ontologies.png Graphic file (type png)
<use images/header-rank-ontologies.png>
Package pdftex.def Info: images/header-rank-ontologies.png  used on input line 543.
(pdftex.def)             Requested size: 113.81102pt x 16.7752pt.
File: images/Logo_Universita_Milano-Bicocca.jpg Graphic file (type jpg)
<use images/Logo_Universita_Milano-Bicocca.jpg>
Package pdftex.def Info: images/Logo_Universita_Milano-Bicocca.jpg  used on input line 543.
(pdftex.def)             Requested size: 19.94159pt x 21.33955pt.
 [39

]
File: images/header-rank-ontologies.png Graphic file (type png)
<use images/header-rank-ontologies.png>
Package pdftex.def Info: images/header-rank-ontologies.png  used on input line 552.
(pdftex.def)             Requested size: 113.81102pt x 16.7752pt.
File: images/Logo_Universita_Milano-Bicocca.jpg Graphic file (type jpg)
<use images/Logo_Universita_Milano-Bicocca.jpg>
Package pdftex.def Info: images/Logo_Universita_Milano-Bicocca.jpg  used on input line 552.
(pdftex.def)             Requested size: 19.94159pt x 21.33955pt.
 [40

]
File: images/header-rank-ontologies.png Graphic file (type png)
<use images/header-rank-ontologies.png>
Package pdftex.def Info: images/header-rank-ontologies.png  used on input line 562.
(pdftex.def)             Requested size: 113.81102pt x 16.7752pt.
File: images/Logo_Universita_Milano-Bicocca.jpg Graphic file (type jpg)
<use images/Logo_Universita_Milano-Bicocca.jpg>
Package pdftex.def Info: images/Logo_Universita_Milano-Bicocca.jpg  used on input line 562.
(pdftex.def)             Requested size: 19.94159pt x 21.33955pt.
 [41

]
<images/header.png, id=360, 264.99pt x 37.94176pt>
File: images/header.png Graphic file (type png)
<use images/header.png>
Package pdftex.def Info: images/header.png  used on input line 569.
(pdftex.def)             Requested size: 113.81102pt x 16.29552pt.
File: images/Logo_Universita_Milano-Bicocca.jpg Graphic file (type jpg)
<use images/Logo_Universita_Milano-Bicocca.jpg>
Package pdftex.def Info: images/Logo_Universita_Milano-Bicocca.jpg  used on input line 569.
(pdftex.def)             Requested size: 19.94159pt x 21.33955pt.
 [42

 <c:/ws/schema-annotation-workspace/schema_annotation/shcema-annotation-latex-workspace/Challenge presentation/images/header.png>]
File: images/header.png Graphic file (type png)
<use images/header.png>
Package pdftex.def Info: images/header.png  used on input line 574.
(pdftex.def)             Requested size: 113.81102pt x 16.29552pt.
File: images/Logo_Universita_Milano-Bicocca.jpg Graphic file (type jpg)
<use images/Logo_Universita_Milano-Bicocca.jpg>
Package pdftex.def Info: images/Logo_Universita_Milano-Bicocca.jpg  used on input line 574.
(pdftex.def)             Requested size: 19.94159pt x 21.33955pt.
 [43

]
<images/TableMiner.png, id=375, 595.023pt x 532.389pt>
File: images/TableMiner.png Graphic file (type png)
<use images/TableMiner.png>
Package pdftex.def Info: images/TableMiner.png  used on input line 582.
(pdftex.def)             Requested size: 227.62204pt x 203.65843pt.
pdfTeX warning (ext4): destination with the same identifier (name{fig:your-figure2}) has been already used, duplicate ignored
<to be read again> 
                   \relax 
l.582 \end{frame}
                 
File: images/Logo_Universita_Milano-Bicocca.jpg Graphic file (type jpg)
<use images/Logo_Universita_Milano-Bicocca.jpg>
Package pdftex.def Info: images/Logo_Universita_Milano-Bicocca.jpg  used on input line 582.
(pdftex.def)             Requested size: 19.94159pt x 21.33955pt.
 [44

 <c:/ws/schema-annotation-workspace/schema_annotation/shcema-annotation-latex-workspace/Challenge presentation/images/TableMiner.png>]
<images/schema-queryinput.png, id=383, 567.3195pt x 137.313pt>
File: images/schema-queryinput.png Graphic file (type png)
<use images/schema-queryinput.png>
Package pdftex.def Info: images/schema-queryinput.png  used on input line 600.
(pdftex.def)             Requested size: 227.62204pt x 55.09183pt.
File: images/Logo_Universita_Milano-Bicocca.jpg Graphic file (type jpg)
<use images/Logo_Universita_Milano-Bicocca.jpg>
Package pdftex.def Info: images/Logo_Universita_Milano-Bicocca.jpg  used on input line 600.
(pdftex.def)             Requested size: 19.94159pt x 21.33955pt.
 [45

 <c:/ws/schema-annotation-workspace/schema_annotation/shcema-annotation-latex-workspace/Challenge presentation/images/schema-queryinput.png>]
File: images/Logo_Universita_Milano-Bicocca.jpg Graphic file (type jpg)
<use images/Logo_Universita_Milano-Bicocca.jpg>
Package pdftex.def Info: images/Logo_Universita_Milano-Bicocca.jpg  used on input line 608.
(pdftex.def)             Requested size: 19.94159pt x 21.33955pt.
 [46

]
File: images/Logo_Universita_Milano-Bicocca.jpg Graphic file (type jpg)
<use images/Logo_Universita_Milano-Bicocca.jpg>
Package pdftex.def Info: images/Logo_Universita_Milano-Bicocca.jpg  used on input line 615.
(pdftex.def)             Requested size: 19.94159pt x 21.33955pt.
 [47

]
File: images/Logo_Universita_Milano-Bicocca.jpg Graphic file (type jpg)
<use images/Logo_Universita_Milano-Bicocca.jpg>
Package pdftex.def Info: images/Logo_Universita_Milano-Bicocca.jpg  used on input line 629.
(pdftex.def)             Requested size: 19.94159pt x 21.33955pt.
 [48

]
File: images/Logo_Universita_Milano-Bicocca.jpg Graphic file (type jpg)
<use images/Logo_Universita_Milano-Bicocca.jpg>
Package pdftex.def Info: images/Logo_Universita_Milano-Bicocca.jpg  used on input line 821.
(pdftex.def)             Requested size: 19.94159pt x 21.33955pt.
 [49

]
File: images/Logo_Universita_Milano-Bicocca.jpg Graphic file (type jpg)
<use images/Logo_Universita_Milano-Bicocca.jpg>
Package pdftex.def Info: images/Logo_Universita_Milano-Bicocca.jpg  used on input line 831.
(pdftex.def)             Requested size: 19.94159pt x 21.33955pt.
 [50

]
\tf@nav=\write6
\openout6 = `schema-linking-challenge-presentation.nav'.

\tf@toc=\write7
\openout7 = `schema-linking-challenge-presentation.toc'.

\tf@snm=\write8
\openout8 = `schema-linking-challenge-presentation.snm'.

Package atveryend Info: Empty hook `BeforeClearDocument' on input line 835.
Package atveryend Info: Empty hook `AfterLastShipout' on input line 835.
 (c:/ws/schema-annotation-workspace/schema_annotation/shcema-annotation-latex-workspace/Challenge presentation/schema-linking-challenge-presentation.aux)
Package atveryend Info: Executing hook `AtVeryEndDocument' on input line 835.
Package atveryend Info: Executing hook `AtEndAfterFileList' on input line 835.
Package rerunfilecheck Info: File `schema-linking-challenge-presentation.out' has not changed.
(rerunfilecheck)             Checksum: D41D8CD98F00B204E9800998ECF8427E;0.


LaTeX Warning: There were undefined references.


LaTeX Warning: There were multiply-defined labels.

 ) 
Here is how much of TeX's memory you used:
 25741 strings out of 492616
 512123 string characters out of 6132767
 612285 words of memory out of 5000000
 28959 multiletter control sequences out of 15000+600000
 16124 words of font info for 58 fonts, out of 8000000 for 9000
 1141 hyphenation exceptions out of 8191
 58i,15n,82p,934b,907s stack positions out of 5000i,500n,10000p,200000b,80000s
<c:/texlive/2018/texmf-dist/fonts/type1/public/amsfonts/cm/cmex10.pfb><c:/texlive/2018/texmf-dist/fonts/type1/public/amsfonts/cm/cmmi10.pfb><c:/texlive/2018/texmf-dist/fonts/type1/public/amsfonts/cm/cmmi8.pfb><c:/texlive/2018/texmf-dist/fonts/type1/public/amsfonts/cm/cmss10.pfb><c:/texlive/2018/texmf-dist/fonts/type1/public/amsfonts/cm/cmss12.pfb><c:/texlive/2018/texmf-dist/fonts/type1/public/amsfonts/cm/cmss8.pfb><c:/texlive/2018/texmf-dist/fonts/type1/public/amsfonts/cm/cmssbx10.pfb><c:/texlive/2018/texmf-dist/fonts/type1/public/amsfonts/cm/cmssi10.pfb><c:/texlive/2018/texmf-dist/fonts/type1/public/amsfonts/cm/cmssi8.pfb><c:/texlive/2018/texmf-dist/fonts/type1/public/amsfonts/cm/cmsy10.pfb><c:/texlive/2018/texmf-dist/fonts/type1/public/amsfonts/cm/cmsy8.pfb><c:/texlive/2018/texmf-dist/fonts/type1/public/amsfonts/symbols/msbm10.pfb>
Output written on "c:/ws/schema-annotation-workspace/schema_annotation/shcema-annotation-latex-workspace/Challenge presentation/schema-linking-challenge-presentation.pdf" (50 pages, 1255613 bytes).
PDF statistics:
 488 PDF objects out of 1000 (max. 8388607)
 350 compressed objects within 4 object streams
 103 named destinations out of 1000 (max. 500000)
 294 words of extra memory for PDF output out of 10000 (max. 10000000)

